AAAACCCACGCTCGCGG AAACCCCACGCTCGCGG 1 f   403 442c-02-A2|r 1   23    302   1  
AAGCCGCGAGCGTGGGT ----------------- X r   403 442c-02-A2
AAAAGACTCGCTTTGGT ----------------- X f     4 439c-15-A6
AAGACCAAAGCGAGTCT AAGACCAAAGCGATACT 2 r     4 439c-15-A6|r 1  184    254   1  
AAACGCATATTGCTGGG AAACGCATATTGCTGGT 1 f    99 447c-05-A5|f 1  446    263   1  
AACCCAGCAATATGCGT ----------------- X r    99 447c-05-A5
AAAGTTGCGCCCTGTAT AAATTGCGCCCTGTATC 2 f   191 438c-26-C5|f 1    9    577   1  
AAGATACAGGGCGCAAC ----------------- X r   191 438c-26-C5
AAATAGGCCTTTGAAGG AAATAGGCTTTGAAGGG 2 f     4 438c-45-E6|r 1  259     20   1 xs 
AACCCTTCAAAGGCCTA ----------------- X r     4 438c-45-E6
AACACATTACCGTATCA AACACATACCGTATCAG 2 f   404 442c-11-A11|r 1  439    260   1  
AACTGATACGGTAATGT ----------------- X r   404 442c-11-A11
AACACTAATACCTAGTC AACACTAATACCTAGCC 1 f   290 437c-11-B2|f 1  667    434   1  
AAGGACTAGGTATTAGT ----------------- X r   290 437c-11-B2
AACAGAGGATCGCCAGG AACAGAGGATCGCCAGT 1 f    51 448c-48-H12|f 1  402    100   1  
AATCCTGGCGATCCTCT ----------------- X r    51 448c-48-H12
AACGGTTGGGGCGGGAG ACCGGTTGGGGCGGGAG 1 f   430 442c-43-D7|f 1  609    769   1  
AATCTCCCGCCCCAACC ----------------- X r   430 442c-43-D7
AAGACGAATGTTGGTAC AAGACGAAATGTTGGTA 2 f    26 442c-14-B2|f 1  632    895   1  
AAGTACCAACATTCGTC ----------------- X r    26 442c-14-B2
AAGGGATCCGTGGGAGA ----------------- X f   485 437c-33-E2
AATCTCCCACGGATCCC ----------------- X r   485 437c-33-E2
AAGNCATACAACTTGTN ----------------- X f     4 448c-26-G2
AAGNACAAGTTGTATGN ----------------- X r     4 448c-26-G2
AAGTTTGTTGGCCATTA AAGTTGTTGGCCATTAA 2 f   596 447c-32-C8|r 1  375     84   1  
AATTAATGGCCAACAAA ----------------- X r   596 447c-32-C8
AATCGGATCCAGCGATC ----------------- X f   315 438c-24-C3
AAGATCGCTGGATCCGA AAGATCGCTGGAGTCCG 2 r   315 438c-24-C3|r 1  465    739   5  
AAGATCGCTGGATCCGA AAGATCGCTGGGATCCG 2 r   315 438c-24-C3|f 1  618     14   1 xs 
AATTTCACGCTTCAGCG ----------------- X f   308 438c-19-B10
