CATGTACATCATAT: 2/3
CATGTACATATTTA: 2/3
CATGTACATAAAAT: 2/4
CATGTACATTTCAA: 2/3
CATGTACAGTATGA: 2/4
CATGTACACATATT: 2/6
CATGTACACTTGAG: 3/4
CATGTACAAAATTA: 2/4
CATGTACAAAAAAA: 6/9
CATGTACTTTAAAA: 2/5
CATGTACTTTTGGC: 2/3
CATGTACTTTTACC: 2/3
CATGTACTAAAAAA: 2/3
CATGTACTCTGGGT: 2/3
CATGTACCCACCAT: 2/3
CATGTACCCTAGAA: 3/5
CATGTACCCTAAAA: 2/5
CATGTACCCTGTTC: 2/3
CATGTACCTTCCAT: 2/3
CATGTACCTGTCTC: 2/4
CATGTACCATTTTA: 2/3
CATGTACCACATAA: 2/4
CATGTAGGCCTCTA: 2/3
CATGTAGGGAAAAA: 2/5
CATGTAGGAAGGCC: 2/3
CATGTAGGAAATGA: 2/3
CATGTAGGTGTTCT: 2/3
CATGTAGCTATTAA: 2/4
CATGTAGCTGCTTC: 2/3
CATGTAGCAAAGGA: 2/3
CATGTAGCATCAAA: 2/3
CATGTAGATTTTCA: 2/3
CATGTAGAATAAGA: 2/3
CATGTAGAAAAAAA: 2/4
CATGTAGTTTCAAC: 2/3
CATGTAGTAGCAAA: 2/3
CATGTAAGTTATAA: 2/3
CATGTAAGAAAATG: 2/3
CATGTAAGAAAAAA: 2/6
CATGTAAGAAGTTG: 2/3
CATGTAAGGCCTTT: 2/3
CATGTAAGGTGTTA: 2/4
CATGTAAGGTAACA: 2/4
CATGTAATCCCAGC: 2/5
CATGTAATCCTAGC: 2/4
CATGTAATACTTAC: 2/3
CATGTAATAAATGA: 2/3
CATGTAATAAATAG: 2/5
CATGTAATAAAAAA: 4/5
CATGTAATAAAGCA: 2/4
CATGTAATATCTGT: 2/3
CATGTAATATACAT: 2/3
CATGTAATATGGAT: 2/3
CATGTAATTTGGAA: 2/3
CATGTAATTTATTG: 2/6
CATGTAATTTTTCT: 3/4
CATGTAATTTCTCA: 2/3
CATGTAATTATACA: 2/3
CATGTAACTAACAA: 2/3
CATGTAACCAGAAA: 2/3
CATGTAACCAAAAC: 2/3
CATGTAACCAAACA: 2/3
CATGTAACACACAC: 2/4
CATGTAACAGAGCC: 2/4
CATGTAACAGAATG: 3/4
CATGTAACATACAA: 2/5
CATGTAAATGAAGT: 3/4
CATGTAAATGTCTC: 2/3
CATGTAAATAAATA: 2/4
CATGTAAATATCTA: 2/3
CATGTAAATATGCA: 3/4
CATGTAAATATAAA: 2/3
CATGTAAAGAGTGG: 2/3
CATGTAAAAAATGT: 2/4
CATGTAAAAAAAAA: 83/86
CATGTAAAAATATT: 2/3
CATGTAAAAATAGT: 2/3
CATGTAAAAGTAAG: 3/4
CATGTAAAATGTTT: 2/3
CATGTAAAATTATT: 2/3
CATGTAAAATTTTA: 2/5
CATGTAAACCTTGA: 2/3
CATGTAAACTTTTA: 2/3
CATGTAAACTTTAC: 2/3
CATGTAAACACTGT: 2/3
CATGTATCTTCTGA: 2/3
CATGTATCTATCAA: 2/3
CATGTATCAGAATA: 2/3
CATGTATCAGTACT: 2/3
CATGTATCATCATT: 2/3
CATGTATCAAAAAA: 2/4
CATGTATCAAAACA: 2/3
CATGTATCAATAGT: 2/3
CATGTATCAATATT: 2/3
CATGTATTGCAAAA: 2/3
CATGTATTGAATGA: 2/3
CATGTATTGAATTT: 2/4
CATGTATTGATAAA: 2/3
CATGTATTGTTTTA: 2/4
CATGTATTAAATAG: 2/4
CATGTATTAAAAAA: 3/5
CATGTATTAGAAAA: 2/3
CATGTATTACTTTT: 2/3
CATGTATTATGAAA: 2/5
CATGTATTATATAG: 2/3
CATGTATTTTGCGA: 2/3
CATGTATTTTGAAT: 2/3
CATGTATTTTGTAT: 2/6
CATGTATTTTCTTT: 2/3
CATGTATTTTCTTC: 2/3
CATGTATTTTATTA: 2/6
CATGTATTTTAAAG: 3/4
CATGTATTTTTGTA: 2/3
CATGTATTTTTACA: 2/4
CATGTATTTTTAAA: 3/7
CATGTATTTATTAC: 2/3
CATGTATTTATTGA: 2/3
CATGTATTTATTCA: 3/5
CATGTATTTATTCC: 2/4
CATGTATTTCTAGT: 2/3
CATGTATTCAATCT: 2/3
CATGTATGACCACA: 2/3
CATGTATGACTTAA: 2/3
CATGTATGTAAATG: 3/4
CATGTATGTGTGTG: 2/5
CATGTATGTTTTTT: 2/3
CATGTATGTTTCTT: 2/3
CATGTATGCCTTAT: 2/3
CATGTATATTTTTA: 2/3
CATGTATATAAAAA: 3/4
CATGTATATATATA: 2/9
CATGTATAAAGATA: 2/3
CATGTATAAAAAAA: 4/6
CATGTATAATAAAT: 2/5
CATGTATACTTTTA: 2/3
CATGTATACATTTT: 2/5
CATGTATACATCCA: 2/3
CATGTATACACACA: 3/7
CATGTCGGAAACCG: 2/3
CATGTCATAAAAGA: 2/3
CATGTCATAAGATT: 2/3
CATGTCATCACAAA: 2/3
CATGTCATCAAAAA: 2/3
CATGTCATTGTACC: 2/3
CATGTCACTGCACT: 3/6
CATGTCACAGTCTG: 2/3
CATGTCACAGGTGA: 2/3
CATGTCACATATAT: 2/3
CATGTCACATAAAT: 2/3
CATGTCACACAGAT: 2/3
CATGTCACACTGGC: 2/3
CATGTCAGGCAGTG: 2/4
CATGTCAGATCTTT: 2/5
CATGTCAGAAAAAA: 2/3
CATGTCAGAATTGA: 2/3
CATGTCAGAGCTCC: 2/4
CATGTCAGTGCTCT: 2/3
CATGTCAAGTTTAG: 2/3
CATGTCAAGAAACA: 2/3
CATGTCAATACATT: 2/3
CATGTCAATAAAAA: 2/4
CATGTCAATAAATA: 2/4
CATGTCAATCCCTT: 2/3
CATGTCAAAAATAG: 2/3
CATGTCAAAAAAAA: 16/24
CATGTCAAAATTAG: 2/4
CATGTCAAAAGAAT: 2/3
CATGTCAAATATAT: 2/4
CATGTCCCCAGAGC: 2/3
CATGTCCCCAAACA: 2/3
CATGTCCCCACACC: 2/3
CATGTCCCAGTTGA: 2/3
CATGTCCCAGTCCA: 2/3
CATGTCCCTGAAAC: 2/3
CATGTCCCTGGGCA: 2/5
CATGTCCCTGTTCT: 2/3
CATGTCCAGCTAAT: 3/13
CATGTCCAGGGCTT: 2/3
CATGTCCATCAAGA: 2/3
CATGTCCAAGGAGG: 2/3
CATGTCCAAGGAAG: 2/4
CATGTCCAAAAAAA: 3/5
CATGTCCTCCCAGG: 2/3
CATGTCCTCACTTC: 2/3
CATGTCCTAAAAAA: 2/4
CATGTCCTAAACTT: 2/3
CATGTCCTTATTTT: 2/3
CATGTCCTTTCCAA: 2/3
CATGTCCTGTGGCC: 2/3
CATGTCCTGCTGAT: 2/3
CATGTCCTGGAAAG: 2/3
CATGTCTCTTTTAA: 2/5
CATGTCTCTCCAGA: 2/3
CATGTCTCTGATGC: 2/3
CATGTCTCAAAGAC: 2/3
CATGTCTCAAAAAA: 3/4
CATGTCTCAGTAAA: 2/3
CATGTCTCAGTGCT: 2/3
CATGTCTCCTGCAT: 2/3
CATGTCTGCCCTCA: 2/3
CATGTCTGCACTCC: 2/3
CATGTCTGAAGAGG: 2/5
CATGTCTGAAAAAA: 3/4
CATGTCTGGCCCAG: 2/3
CATGTCTGTTTTGT: 2/3
CATGTCTGTTTCCA: 2/3
CATGTCTGTGATGT: 2/3
CATGTCTGTGAAGT: 2/3
CATGTCTGTAGTCC: 2/4
CATGTCTGTAAAAA: 2/5
CATGTCTGTAATCC: 5/11
CATGTCTGTATGAG: 2/3
CATGTCTATTATTA: 2/3
CATGTCTATACATT: 2/5
CATGTCTACACAGT: 2/4
CATGTCTAAAACCG: 2/3
CATGTCTAAAAAAA: 2/3
CATGTCTTGTGCAT: 2/3
CATGTCTTCCCACA: 2/3
CATGTCTTCCGTGT: 2/3
CATGTCTTCTCACA: 2/6
CATGTCTTCTGACA: 2/3
CATGTCTTTCTTGC: 2/3
CATGTCTTTTTTCA: 2/3
CATGTCTTTTTAAA: 3/6
CATGTCTTTAGTCT: 2/3
CATGTCTTACATAA: 2/3
CATGTCTTATTTCT: 2/4
CATGTCTTATTCAT: 2/3
CATGTCTTAATGAA: 2/3
CATGTTGTTTTTAA: 2/3
CATGTTGTTTTCTT: 3/5
CATGTTGTTTATTT: 2/5
CATGTTGTTTAATT: 3/6
CATGTTGTTACATC: 2/3
CATGTTGTTGTATA: 2/3
CATGTTGTTCTTTC: 2/3
CATGTTGTGAGAAT: 2/3
CATGTTGTAAACAT: 2/3
CATGTTGTATTTAT: 2/3
CATGTTGTCCAGGC: 5/12
CATGTTGCTGAAAA: 2/4
CATGTTGCTCAGAC: 2/3
CATGTTGCTCCTCC: 2/3
CATGTTGCTCCCAC: 2/3
CATGTTGCCATTTT: 2/3
CATGTTGCCCAGGN: 2/3
CATGTTGCCCAGGC: 22/88
CATGTTGCCTAGGC: 2/11
CATGTTGCATATCA: 2/3
CATGTTGCAAAAAA: 2/3
CATGTTGCAGAAAA: 2/4
CATGTTGCAGTCAC: 2/3
CATGTTGGTGTGCT: 2/6
CATGTTGGTGAAGG: 2/3
CATGTTGGTTTGCT: 2/4
CATGTTGGTTTTTG: 2/3
CATGTTGGTCCAGG: 2/3
CATGTTGGTCAGGC: 12/59
CATGTTGGACAGGC: 2/5
CATGTTGGAAAAAA: 3/5
CATGTTGGGGACTT: 2/3
CATGTTGGGCCAGG: 3/4
CATGTTGGCACCCA: 2/3
CATGTTGGCCGGGC: 3/6
CATGTTGGCCAGCC: 2/5
CATGTTGGCCAGAC: 3/10
CATGTTGGCCAGGN: 2/3
CATGTTGGCCAGGT: 3/10
CATGTTGGCCAGGA: 7/28
CATGTTGGCCAGGC: 37/194
CATGTTGATGTTGA: 2/4
CATGTTGACCAGCC: 2/3
CATGTTGACCAGGC: 2/10
CATGTTGAGAAAAA: 2/3
CATGTTGAGGTGGG: 2/4
CATGTTGAACAAAG: 2/3
CATGTTGAAATTTG: 2/6
CATGTTGAAAAAAA: 9/10
CATGTTAGATTTCT: 2/3
CATGTTAGAAAAAA: 2/3
CATGTTAGCTTTTT: 3/4
CATGTTAGCCAGGC: 2/14
CATGTTAGCCAGGA: 5/29
CATGTTAGTCAGGC: 3/4
CATGTTAGTGACAG: 2/3
CATGTTAGTAGAAT: 2/3
CATGTTACCTTTTT: 2/3
CATGTTACTAAATT: 2/4
CATGTTACTTATTG: 2/3
CATGTTACTTAAAA: 2/5
CATGTTACAGAGGA: 2/4
CATGTTACATTCAC: 2/3
CATGTTACAAAGTT: 2/3
CATGTTAAGCTTGA: 2/4
CATGTTAAGAAAAC: 2/3
CATGTTAAATAAAA: 3/4
CATGTTAAAATATG: 2/3
CATGTTAAAATAAA: 2/3
CATGTTAAAAAAAT: 2/3
CATGTTAAAAAAAA: 21/29
CATGTTAACTCAGG: 2/3
CATGTTAACAAATT: 3/4
CATGTTAATTTATT: 2/4
CATGTTAATCTGAT: 2/3
CATGTTATCATTTT: 2/4
CATGTTATTAAAAA: 2/4
CATGTTATTTAAAA: 2/3
CATGTTATGAAAAA: 2/4
CATGTTATAATGTT: 2/3
CATGTTATAGTAGT: 2/3
CATGTTCGAAACCT: 2/3
CATGTTCGAAAAAA: 2/3
CATGTTCTTATTTT: 2/4
CATGTTCTTCAACA: 2/5
CATGTTCTTGGGTC: 2/3
CATGTTCTTGGTTG: 2/5
CATGTTCTCACTTA: 2/4
CATGTTCTCCTTTA: 2/3
CATGTTCTGAAGCA: 2/3
CATGTTCTGCAGAT: 2/3
CATGTTCTGTCCTT: 2/3
CATGTTCTAAATAA: 2/4
CATGTTCTAAAGTT: 2/3
CATGTTCTAAAAAA: 4/5
CATGTTCTATTTCA: 2/3
CATGTTCTAGAATT: 2/4
CATGTTCCTTTTCA: 2/3
CATGTTCCTTTATA: 2/3
CATGTTCCTGATGC: 2/3
CATGTTCCTGCTGC: 2/4
CATGTTCCAAGTCT: 2/4
CATGTTCCAGCAAA: 2/4
CATGTTCCCAATGA: 2/3
CATGTTCCCTATCA: 2/3
CATGTTCCCTGCAA: 2/3
CATGTTCACTGTGA: 2/3
CATGTTCACATTCT: 2/3
CATGTTCAGTAATC: 2/3
CATGTTCAGGTTAA: 2/3
CATGTTCATTTTAA: 2/6
CATGTTCATTAGCA: 2/3
CATGTTCATAGGGG: 2/3
CATGTTCAATTTTC: 2/3
CATGTTCAATAAAA: 2/3
CATGTTCAACAACA: 2/3
CATGTTCAAAAAAA: 5/6
CATGTTTGAGACAA: 2/3
CATGTTTGATTGGC: 2/3
CATGTTTGATGGGC: 2/3
CATGTTTGAAAAAA: 3/5
CATGTTTGAAGGCA: 2/3
CATGTTTGAAGAAT: 2/3
CATGTTTGGGGCTG: 2/3
CATGTTTGGGGAGG: 2/4
CATGTTTGCACTTG: 2/5
CATGTTTGCTATAG: 2/3
CATGTTTGCTGATG: 2/3
CATGTTTGTTTCTG: 2/4
CATGTTTGTTTTGT: 2/4
CATGTTTGTTTTCA: 2/4
CATGTTTGTATCTT: 2/3
CATGTTTAGTTTTT: 2/5
CATGTTTATTTCCT: 2/5
CATGTTTATTTAAA: 2/5
CATGTTTATTATTG: 2/3
CATGTTTATGTTTG: 2/4
CATGTTTATGGATT: 2/3
CATGTTTATAAGTT: 2/3
CATGTTTATAAAAA: 2/4
CATGTTTATATTTA: 2/3
CATGTTTACCAAAA: 2/4
CATGTTTACAAAAA: 3/4
CATGTTTAATTAAG: 2/3
CATGTTTAAAGATT: 2/3
CATGTTTAAAGACT: 2/3
CATGTTTAAAACTT: 2/4
CATGTTTAAAAAAA: 8/9
CATGTTTAAAAGAG: 2/3
CATGTTTAAGGGGC: 2/3
CATGTTTCCCAAAA: 2/3
CATGTTTCCAGGGA: 2/4
CATGTTTCTACTCA: 2/4
CATGTTTCTAAAAA: 3/5
CATGTTTCTCTCCT: 2/4
CATGTTTCTCTGTT: 2/3
CATGTTTCTCATAA: 2/4
CATGTTTCTTCTAA: 2/3
CATGTTTCTTCACC: 2/3
CATGTTTCTGAAAA: 2/4
CATGTTTCTGGAAA: 2/4
CATGTTTCTGCCCT: 2/3
CATGTTTCAGAGAG: 2/3
CATGTTTTGCTTTG: 2/3
CATGTTTTGGAAAT: 2/5
CATGTTTTGAAAAA: 2/4
CATGTTTTGTTTTG: 2/3
CATGTTTTGTACAC: 2/3
CATGTTTTGTAAAA: 2/3
CATGTTTTTGAAAC: 2/5
CATGTTTTTGAATG: 2/4
CATGTTTTTGTAAA: 2/3
CATGTTTTTGTGTG: 2/4
CATGTTTTTGTGAA: 3/4
CATGTTTTTGTTTT: 3/11
CATGTTTTTAATTC: 2/3
CATGTTTTTAATAA: 2/3
CATGTTTTTATTAA: 2/3
CATGTTTTTATTTT: 3/8
CATGTTTTTTGTTT: 3/5
CATGTTTTTTCAAA: 2/3
CATGTTTTTTTTTC: 3/5
CATGTTTTTTTTTT: 5/11
CATGTTTTTTAAAA: 3/7
CATGTTTTTTATTC: 2/5
CATGTTTTTCACAT: 2/3
CATGTTTTTCAGAT: 2/3
CATGTTTTTCTATA: 2/3
CATGTTTTTCTGGG: 2/3
CATGTTTTTCTTCA: 2/5
CATGTTTTCAGTTT: 2/3
CATGTTTTCAGTAG: 2/3
CATGTTTTCATAAA: 3/4
CATGTTTTCTAGAT: 3/4
CATGTTTTCTAAAA: 2/3
CATGTTTTCTAAGA: 2/4
CATGTTTTCTTTCC: 2/5
CATGTTTTCTCTTT: 2/4
CATGTTTTAGAGAT: 2/3
CATGTTTTAGAGGA: 2/3
CATGTTTTAGCACC: 2/3
CATGTTTTAAAATT: 2/4
CATGTTTTAAAAAA: 4/11
CATGTTTTAAATAG: 2/4
CATGTTTTATAAGA: 2/4
CATGTTTTATAATT: 2/5
CATGTTTTATAAAA: 2/5
CATGTTTTATAGTA: 2/3
CATGTTTTATTTTT: 5/9
CATGTTTTACATCT: 2/3
CATGTGCTCAAAAA: 2/3
CATGTGCTTATTTG: 2/3
CATGTGCTTTCAAA: 2/4
CATGTGCTTTAAGA: 2/3
CATGTGCTTCTGAA: 2/3
CATGTGCTAGATGA: 2/3
CATGTGCTAGGAAG: 2/3
CATGTGCTGATGAA: 3/4
CATGTGCTGTAGAA: 2/3
CATGTGCTGTTTTC: 2/3
CATGTGCTGTGACC: 2/3
CATGTGCTGGTAAT: 2/4
CATGTGCTGCCTGT: 2/3
CATGTGCTGCTTTG: 2/3
CATGTGCACAGTGC: 2/3
CATGTGCACACACA: 2/4
CATGTGCAGCCAGC: 3/4
CATGTGCAATATGC: 3/4
CATGTGCAAAAAAA: 4/5
CATGTGCAAATCCA: 2/3
CATGTGCATTACCT: 2/3
CATGTGCATTAAAT: 2/3
CATGTGCCCACTCA: 2/3
CATGTGCCCAAGCT: 2/3
CATGTGCCCCAAAC: 2/3
CATGTGCCCTGAGA: 2/3
CATGTGCCTTTACT: 2/3
CATGTGCCTGTAGT: 2/5
CATGTGCCTGTAAT: 2/7
CATGTGCCACCACA: 3/12
CATGTGCCACCACG: 2/15
CATGTGCCACAAAT: 2/3
CATGTGCCAACAGC: 2/3
CATGTGACCTTCCA: 2/3
CATGTGACCAACTA: 2/3
CATGTGACCAAAAA: 2/3
CATGTGACCCTCCC: 2/4
CATGTGACCCAGCC: 2/4
CATGTGACTGGGAA: 2/4
CATGTGAGAAAATG: 2/3
CATGTGAGAAAAAA: 2/4
CATGTGAGGACACA: 3/7
CATGTGAGGGATCC: 2/3
CATGTGAGGGAATA: 2/3
CATGTGATATTTTG: 2/8
CATGTGATATTAAA: 2/3
CATGTGATAATTTA: 2/4
CATGTGATAATTGT: 2/3
CATGTGATAAAAAA: 3/5
CATGTGATGGAAAA: 2/3
CATGTGATTATAAA: 2/3
CATGTGATTCATTT: 2/3
CATGTGATTTATTC: 2/3
CATGTGAAAGATAT: 2/4
CATGTGAAAGAAAA: 3/5
CATGTGAAAAGTAA: 2/3
CATGTGAAAAAAAA: 21/22
CATGTGAAAAACAG: 2/3
CATGTGAAAACCTG: 2/3
CATGTGAAATAAAT: 2/3
CATGTGAATTGATC: 2/3
CATGTGAATGAAGG: 2/3
CATGTGAATAAAGT: 3/4
CATGTGAAGATGGA: 2/3
CATGTGAAGACACA: 2/4
CATGTGAAGAGAAT: 2/5
CATGTGTTGTGCCA: 2/4
CATGTGTTCACTCT: 2/3
CATGTGTTCAGCTA: 2/4
CATGTGTTCAGAAA: 3/4
CATGTGTTCTCATT: 3/6
CATGTGTTTTGCTT: 2/4
CATGTGTTTTTGTA: 2/3
CATGTGTTTTTAAT: 2/4
CATGTGTTTGATTT: 2/4
CATGTGTTTGGTCA: 2/3
CATGTGTTTCTTCA: 2/3
CATGTGTTTCTGAT: 2/3
CATGTGTTAAAAAA: 2/3
CATGTGTTAACTGG: 2/3
CATGTGTTAGAAAA: 2/4
CATGTGTAGGAATT: 2/4
CATGTGTAGAAACA: 2/3
CATGTGTAAAAAAA: 5/6
CATGTGTAAGAATT: 2/3
CATGTGTAACTTTT: 2/3
CATGTGTAACTTCC: 2/3
CATGTGTACCTTTA: 2/3
CATGTGTACAAATT: 2/3
CATGTGTATTCTTA: 2/3
CATGTGTATTTATT: 2/5
CATGTGTATTTTTG: 2/4
CATGTGTATTTCCT: 2/3
CATGTGTATGTTTT: 2/4
CATGTGTCCCTCAA: 2/3
CATGTGTCACTTTG: 2/4
CATGTGTCAGAAAA: 2/3
CATGTGTCAAAATT: 2/3
CATGTGTGCTTTTT: 2/3
CATGTGTGCCCTGA: 2/3
CATGTGTGTAAAAA: 2/4
CATGTGTGTACTTT: 2/3
CATGTGTGTATTTT: 2/4
CATGTGTGTATGTG: 2/5
CATGTGTGTATATA: 3/7
CATGTGTGTTTGAA: 3/4
CATGTGTGTGTGAC: 2/4
CATGTGTGTGTGTG: 10/28
CATGTGTGTGCCTG: 2/5
CATGTGTGAAAGGA: 2/3
CATGTGTGAAAAAA: 3/5
CATGTGTGACTCCA: 2/4
CATGTGGTGGACTG: 2/3
CATGTGGTGGGACA: 2/3
CATGTGGTGTGCTC: 2/3
CATGTGGTCACACG: 2/3
CATGTGGTATTTGT: 2/3
CATGTGGTAGCAGT: 2/3
CATGTGGTTATCCA: 2/3
CATGTGGGCAAAAA: 2/4
CATGTGGGCAAAGG: 2/3
CATGTGGGCCTCAG: 2/3
CATGTGGGCCTGGC: 3/4
CATGTGGGAAAAAA: 3/8
CATGTGGGAGGTCT: 2/3
CATGTGGGAGAAAA: 2/4
CATGTGGGACCCTC: 2/3
CATGTGGGACTCTG: 2/5
CATGTGGGTAGAAG: 2/4
CATGTGGGTAAATA: 2/3
CATGTGGGTAAAAA: 2/3
CATGTGGGGCGTGT: 2/3
CATGTGGGGAGGAG: 2/6
CATGTGGATGTTTG: 2/3
CATGTGGATGCTGT: 2/3
CATGTGGAAAAAAA: 5/6
CATGTGGAAAGTGA: 2/4
CATGTGGAATGAGC: 2/3
CATGTGGAACTATA: 2/3
CATGTGGAACATTT: 2/3
CATGTGGAACCAGA: 2/3
CATGTGGAGTCTGG: 2/3
CATGTGGAGGTCAC: 2/3
CATGTGGAGGAGAA: 2/3
CATGTGGAGAAAGA: 2/3
CATGTGGACAGTGC: 2/3
CATGTGGCCTTTTG: 2/4
CATGTGGCTATCCA: 2/3
CATGTGGCTATTTA: 2/3
CATGTGGCTAGTGG: 2/5
CATGTGGCTTTGGG: 2/4
CATGTGGCTTTATT: 2/3
CATGTGGCTTGTCT: 2/3
CATGTGGCTCCTGC: 2/3
CATGTGGCAATTAG: 2/3
CATGTGGCAAAAAA: 2/3
CATGANGGAAAAAA: 2/3
CATGAACCCGGGAG: 4/11
CATGAACCACCACC: 2/3
CATGAACCACCACG: 2/6
CATGAACCACAGCA: 2/5
CATGAACCACTGCA: 3/9
CATGAACCAAAAAA: 3/4
CATGAACCAGTTTG: 2/3
CATGAACCTCCCCA: 2/3
CATGAACTCCTTCG: 4/6
CATGAACTCATCTT: 2/3
CATGAACTAAAAAA: 3/5
CATGAACTATAGAA: 2/3
CATGAACTTGATGT: 2/3
CATGAACTGGGTGC: 2/4
CATGAACTGGCAAA: 2/4
CATGAACTGTCAGA: 2/3
CATGAACTGCTCTT: 2/4
CATGAACAGAAAAA: 2/3
CATGAACAGCTGGT: 2/3
CATGAACACGGACT: 2/3
CATGAACAAGTAAA: 2/4
CATGAACAAGAACT: 2/4
CATGAACAAGATTA: 2/3
CATGAACAAAATAT: 2/4
CATGAACATCTGCA: 2/3
CATGAATCAACGAA: 2/3
CATGAATCAAGAAA: 2/3
CATGAATCAGAATT: 2/3
CATGAATCCAAAAT: 2/3
CATGAATAATATAT: 2/3
CATGAATAATGTAT: 2/3
CATGAATAAAATAA: 2/3
CATGAATAAAAAAA: 6/7
CATGAATAAAAATA: 2/3
CATGAATAAATATA: 2/4
CATGAATAAATGAT: 2/3
CATGAATAAATTTG: 2/3
CATGAATAGCAATG: 2/3
CATGAATACTCAAA: 2/3
CATGAATACAGGGA: 2/4
CATGAATATTTCAA: 2/3
CATGAATATTTTAT: 2/5
CATGAATATTCATA: 2/6
CATGAATATAGAGG: 2/3
CATGAATATGGTCT: 2/3
CATGAATATGTGTG: 2/4
CATGAATTCAGTGA: 2/3
CATGAATTCTCTCC: 2/3
CATGAATTCTTTTC: 2/3
CATGAATTGTAAAT: 2/3
CATGAATTGCCTGG: 2/4
CATGAATTTGTGGG: 2/3
CATGAATTTTTTTT: 3/6
CATGAATTTCAAAT: 2/3
CATGAATTTAAAAA: 2/5
CATGAATTTATATT: 2/3
CATGAATGGAAGGT: 2/3
CATGAATGGAAATC: 2/3
CATGAATGATTGAG: 2/3
CATGAATGAGAGCA: 2/3
CATGAATGAAAAAA: 2/4
CATGAATGAATCTC: 2/4
CATGAATGACTCCA: 3/6
CATGAATGACAAAA: 2/4
CATGAATGTTCAGA: 2/3
CATGAATGTACATA: 2/3
CATGAATGTCAAAC: 2/3
CATGAAAGTTGCTT: 2/3
CATGAAAGTAAAAA: 2/5
CATGAAAGGGCCTG: 2/3
CATGAAAGGAATAA: 2/3
CATGAAAGCTCCAC: 2/4
CATGAAAGCTGACA: 2/3
CATGAAAGACACAC: 2/3
CATGAAAGAAAATT: 2/3
CATGAAAGAAAAAA: 5/7
CATGAAAGAAGAGA: 2/3
CATGAAAGAAGCTC: 2/3
CATGAAAGATGTTT: 2/3
CATGAAAGAGAGAG: 3/5
CATGAAAGAGAATT: 2/3
CATGAAAGAGAAAG: 3/7
CATGAAACGAAGTT: 2/3
CATGAAACAAAAAA: 4/5
CATGAAACAACAGT: 3/4
CATGAAACACCTTA: 2/3
CATGAAACACTCTT: 2/3
CATGAAACATATGA: 2/3
CATGAAACCTGAAA: 2/3
CATGAAACCTCTCA: 2/3
CATGAAACCAAAAA: 2/3
CATGAAACTATATT: 2/3
CATGAAATCCAGCA: 2/4
CATGAAATCTTTAG: 2/3
CATGAAATCTTTGC: 2/4
CATGAAATCTTAAT: 2/3
CATGAAATTCAAGA: 2/5
CATGAAATTGCAAA: 2/4
CATGAAATTGTTTA: 2/4
CATGAAATTAATAA: 2/4
CATGAAATTAAGAA: 2/3
CATGAAATTATTAA: 2/3
CATGAAATTTTTTT: 2/3
CATGAAATACAATG: 2/5
CATGAAATATTAGG: 2/3
CATGAAATATTAAG: 2/3
CATGAAATATTTAA: 2/4
CATGAAATATATTT: 2/4
CATGAAATAATGAG: 2/3
CATGAAATAAAAAA: 4/6
CATGAAATAAAATT: 2/3
CATGAAATAAAATA: 2/4
CATGAAATAAAAGA: 2/5
CATGAAATAAAAGC: 2/4
CATGAAATGTTGAA: 3/4
CATGAAATGTATGC: 2/4
CATGAAATGTGTTT: 2/5
CATGAAATGCAAAA: 2/3
CATGAAATGCAATA: 2/3
CATGAAATGCCCTC: 2/3
CATGAAATGAGGGA: 2/3
CATGAAAAGAAACT: 2/3
CATGAAAAGAAGAG: 2/3
CATGAAAAGATGTT: 2/4
CATGAAAAGATGCT: 2/4
CATGAAAAGATTTA: 2/3
CATGAAAAGGAATG: 2/4
CATGAAAAGGGGGA: 2/3
CATGAAAAGTTATC: 2/4
CATGAAAAATCATT: 2/3
CATGAAAAATTTAA: 2/3
CATGAAAAATGTTT: 2/3
CATGAAAAATATAA: 2/4
CATGAAAAATATTT: 3/5
CATGAAAAATAACT: 2/3
CATGAAAAATAAAG: 3/5
CATGAAAAATAAAA: 3/4
CATGAAAAACAATT: 2/3
CATGAAAAACACCG: 2/4
CATGAAAAAGGAAC: 2/3
CATGAAAAAACAAC: 2/3
CATGAAAAAAAGAA: 2/3
CATGAAAAAAAAAA: 315/317
CATGAAAACTTTTT: 2/4
CATGAAAACAGCCA: 2/4
CATGAAAACAGAAA: 2/5
CATGAAAACATCAG: 2/3
CATGAAAATCCTAT: 2/3
CATGAAAATCATTT: 2/3
CATGAAAATTTAAA: 3/6
CATGAAAATGCAAA: 2/3
CATGAAAATGGACT: 2/3
CATGAAAATACTGT: 2/3
CATGAAAATACAGT: 2/3
CATGAAAATAGGTT: 2/3
CATGAAAATAGACT: 2/3
CATGAAAATAAACG: 2/3
CATGAAAATAAATG: 3/4
CATGAAAATAAAAT: 3/5
CATGAAAATAAAAA: 3/7
CATGAAGGTCAAGC: 2/3
CATGAAGGTCCCCA: 2/4
CATGAAGGTATAAT: 2/3
CATGAAGGTAGGAA: 2/3
CATGAAGGTGTGTA: 2/3
CATGAAGGCAGTCA: 2/3
CATGAAGGATTTGC: 2/3
CATGAAGGAGGGGA: 2/5
CATGAAGGAGCGGG: 2/3
CATGAAGAGCAAAA: 2/4
CATGAAGAGCTTTA: 2/3
CATGAAGAGGAGAA: 2/4
CATGAAGAGAGCAG: 2/3
CATGAAGACTCTAA: 2/3
CATGAAGACAAAGA: 2/3
CATGAAGATGCTCT: 2/3
CATGAAGAAGGCAA: 2/3
CATGAAGAAGATCT: 2/3
CATGAAGAAAACAC: 2/4
CATGAAGAAAAATA: 2/6
CATGAAGAAAAAAA: 7/10
CATGAAGAAATTCT: 2/4
CATGAAGAAACTTC: 2/4
CATGAAGTCATTCA: 2/4
CATGAAGTGTATAA: 2/3
CATGAAGTTGATGA: 2/4
CATGAAGTTCAAAA: 2/4
CATGAAGTTTGGTG: 2/4
CATGAAGTATATTT: 3/4
CATGAAGTAATGAA: 2/3
CATGAAGCAAGGAA: 2/3
CATGAAGCAGGAAA: 2/4
CATGAAGCATTCAG: 2/3
CATGAAGCTGTGTT: 2/3
CATGAAGCTGAAAA: 3/5
CATGAAGCTCAGTT: 2/3
CATGAAGCCATCAA: 2/3
CATGAAGCCCCTTC: 2/4
CATGACTTCTCTTT: 2/3
CATGACTTGCTTTG: 2/3
CATGACTTGTGCAT: 2/3
CATGACTTGATTTT: 2/3
CATGACTTGAATTT: 2/3
CATGACTTTATTTT: 2/4
CATGACTTTTGGAC: 2/3
CATGACTTTTTTGT: 2/3
CATGACTTTTATCT: 2/3
CATGACTTTCAGTG: 2/3
CATGACTTTGTCAA: 2/3
CATGACTATAGAGA: 2/3
CATGACTAACCTCT: 2/3
CATGACTAAGTAAA: 2/3
CATGACTAAAAAAA: 5/6
CATGACTGCTTTTA: 2/3
CATGACTGTGTGTT: 2/4
CATGACTGTTGGCC: 2/4
CATGACTGGACAGC: 2/3
CATGACTGGGCCCC: 2/3
CATGACTGAAAAAA: 4/6
CATGACTCTGGCTC: 2/4
CATGACTCACTGCA: 2/5
CATGACTCAATAAA: 2/3
CATGACGAAAAAAA: 3/4
CATGACGCTGCTGA: 2/3
CATGACGTGCAAGC: 2/3
CATGACCAAAAAAA: 2/5
CATGACCAAGGTGG: 2/4
CATGACCATCCTGC: 2/3
CATGACCAGCTGGT: 2/4
CATGACCGCTTCCT: 2/3
CATGACCCCAAAAA: 2/4
CATGACCCCACACA: 2/4
CATGACCTAATCAC: 2/5
CATGACCTAGGACA: 2/4
CATGACCTCATCCA: 2/4
CATGACCTGGAAAT: 2/3
CATGACCTGCCCCT: 2/3
CATGACCTGCAGGC: 2/3
CATGACCTGTTTGT: 2/3
CATGACAATTATAA: 2/3
CATGACAATTATTT: 2/4
CATGACAATAAAAT: 2/4
CATGACAAGAAAGT: 2/4
CATGACAAAACTTT: 2/3
CATGACAAAAAAAA: 12/13
CATGACAAATTCAG: 2/4
CATGACAAATTTAT: 2/4
CATGACAACGTCCA: 2/3
CATGACAACACAGT: 2/4
CATGACAACACCCC: 2/3
CATGACATCAAATA: 2/4
CATGACATTTACTA: 2/3
CATGACATTTTTGA: 2/3
CATGACATTTGGTT: 2/3
CATGACAGCAGTCA: 2/3
CATGACAGACACAA: 2/3
CATGACAGAGCACA: 2/4
CATGACAGAGAAAT: 2/3
CATGACACTAAAAT: 2/3
CATGACACTTCTCA: 2/3
CATGATCTTGGAAA: 2/3
CATGATCTTGGCTC: 4/21
CATGATCTAAAAAA: 2/3
CATGATCTCGGCTC: 2/16
CATGATCTCAGCTC: 2/11
CATGATCTGGAGCA: 2/4
CATGATCTGCACTC: 2/3
CATGATCTGAAAAA: 2/3
CATGATCGCTCGAC: 5/19
CATGATCCAATCAC: 5/12
CATGATCCTGAAGT: 2/3
CATGATCCTGCCTC: 2/3
CATGATCCTTGTTT: 2/3
CATGATCACGCCAC: 2/3
CATGATCACACCAC: 4/7
CATGATCACAGCTC: 2/11
CATGATCATAGCTC: 3/14
CATGATCAATGAAG: 2/3
CATGATCAAAAAAA: 3/5
CATGATTGCACCAC: 3/5
CATGATTGATTAAA: 3/6
CATGATTGTCTATG: 2/3
CATGATTGTCTGTG: 2/3
CATGATTGTGCCAC: 2/5
CATGATTTCTTCCT: 2/5
CATGATTTCCTGAT: 2/3
CATGATTTTCATCA: 2/4
CATGATTTTCATTT: 2/4
CATGATTTTGTTTT: 2/6
CATGATTTTGTAAC: 2/3
CATGATTTTGTATT: 2/3
CATGATTTTTAATA: 2/3
CATGATTTTTATCT: 2/5
CATGATTTTTATTC: 2/4
CATGATTTTTATTT: 2/6
CATGATTTTTGTTT: 2/5
CATGATTTTTGTAT: 2/3
CATGATTTTTTAAA: 2/3
CATGATTTAAGGTT: 2/3
CATGATTTAAAGTT: 2/3
CATGATTTAAAATT: 2/3
CATGATTTAAAAAA: 3/6
CATGATTTATTTTG: 2/3
CATGATTTATTTTT: 2/4
CATGATTTATATTT: 2/4
CATGATTTATATCT: 2/3
CATGATTTATATGT: 2/3
CATGATTTGCAAAT: 2/3
CATGATTTGAAAAA: 2/6
CATGATTTGGTGAG: 2/4
CATGATTTGGAAAA: 2/4
CATGATTTGTCTGC: 2/3
CATGATTAAAAAAA: 5/6
CATGATTCAATTTA: 2/4
CATGATTCAAATTC: 2/4
CATGATTCCTGTTG: 2/3
CATGATTCCAGATG: 2/3
CATGATTCTGAAAA: 2/3
CATGATATATATAT: 2/3
CATGATATCCTGAC: 2/3
CATGATATTTATTG: 2/3
CATGATATTCACAT: 2/3
CATGATACATAAAA: 2/4
CATGATACAAAGCA: 2/3
CATGATACAAATTC: 2/3
CATGATACCTGGCA: 2/3
CATGATACTGGATC: 2/3
CATGATAAAAAAAA: 16/17
CATGATAAAAGAAA: 3/5
CATGATAAATATAA: 2/3
CATGATAAAGAAAA: 2/4
CATGATAATAAAAG: 2/3
CATGATAAGAAAGA: 2/3
CATGATAAGGAAAA: 2/3
CATGATGAGACCCT: 2/3
CATGATGACTATTT: 2/4
CATGATGAAACCCC: 2/3
CATGATGAAACTGC: 2/3
CATGATGAAATTAA: 2/4
CATGATGAAAAAAA: 4/5
CATGATGAACTTCA: 2/3
CATGATGAAGTGTT: 2/3
CATGATGAAGCTCC: 2/3
CATGATGATTTTAA: 2/3
CATGATGATGATTA: 2/4
CATGATGATAAAAA: 2/4
CATGATGTAACTTA: 2/3
CATGATGTAAAATT: 2/3
CATGATGTCAGCGC: 2/3
CATGATGTCTGCAA: 2/3
CATGATGTGTGATA: 2/4
CATGATGTGTTGAC: 2/4
CATGATGTTTTGAT: 2/4
CATGATGCCATCAA: 2/3
CATGATGCTTTAAG: 3/4
CATGATGCTGGGTG: 2/5
CATGATGCTGGGGA: 2/3
CATGATGGTCACCA: 2/3
CATGATGGAAAGGA: 2/5
CATGATGGAGCAGG: 2/4
CATGATGGCAACAG: 2/3
CATGATGGCAAAGT: 2/3
CATGATGGCACACA: 2/3
CATGAGAAGGCCTG: 2/3
CATGAGAAAAAAAA: 19/23
CATGAGAAAAATTG: 2/4
CATGAGAAAATTAA: 2/4
CATGAGAAAATAAA: 2/4
CATGAGAAATGAAA: 2/4
CATGAGAATCACCT: 2/3
CATGAGAATCTGAA: 2/4
CATGAGAATCGTTT: 2/3
CATGAGAATTGCTT: 2/3
CATGAGAATGGAAA: 2/3
CATGAGAATGGAAT: 2/3
CATGAGAACTTGAG: 2/3
CATGAGAACCACTA: 2/3
CATGAGAACACTTT: 2/4
CATGAGACAAAAAA: 4/5
CATGAGACACTGGG: 2/4
CATGAGACAGCTTA: 2/3
CATGAGACATCAAT: 3/9
CATGAGACTGCATC: 2/3
CATGAGATAATGCC: 2/3
CATGAGATAAAGAC: 2/3
CATGAGATACAATT: 2/3
CATGAGATGAAAAA: 2/5
CATGAGATGGGAAA: 2/3
CATGAGATTAAAAA: 4/5
CATGAGATTTGGAT: 3/4
CATGAGATTTGGAG: 3/7
CATGAGATTTGGGT: 4/13
CATGAGATTTGGGC: 2/5
CATGAGATCTTCTT: 2/3
CATGAGAGGAGGCA: 2/3
CATGAGAGACAAGC: 2/3
CATGAGAGTCTTCT: 2/3
CATGAGTGACTCCA: 3/5
CATGAGTGACATTT: 2/3
CATGAGTGACAAAA: 2/3
CATGAGTGGAAGAC: 2/3
CATGAGTGGGAAAA: 2/4
CATGAGTCTGTATT: 2/3
CATGAGTCAGAGAA: 2/3
CATGAGTCAAGGAA: 2/3
CATGAGTCACTTTC: 2/3
CATGAGTAGAAGCA: 2/3
CATGAGTAGAATTC: 2/3
CATGAGTAATGGCA: 2/3
CATGAGTAAGTTCT: 2/4
CATGAGTAAAAAAA: 5/6
CATGAGTTAAAAAA: 2/4
CATGAGTTAATAAA: 3/4
CATGAGTTTTGGAG: 2/6
CATGAGTTTTTCAT: 2/3
CATGAGTTTTTCCC: 2/3
CATGAGTTGGCTGA: 2/3
CATGAGTTGGAAAA: 2/3
CATGAGTTCAGAAG: 2/4
CATGAGGTTGGAAA: 2/3
CATGAGGTTAGGAG: 2/5
CATGAGGTCAGGAG: 8/29
CATGAGGGCTCTGC: 2/4
CATGAGGGCAGGGA: 2/6
CATGAGGGCAGAGC: 2/6
CATGAGGGCAGAGG: 2/4
CATGAGGGGTTTTA: 2/4
CATGAGGGGATTCC: 2/3
CATGAGGGGAATGC: 2/6
CATGAGGGGAGAGG: 2/4
CATGAGGGATCACA: 2/3
CATGAGGGAAAAAA: 3/4
CATGAGGAGGGAGG: 2/3
CATGAGGAGCTCTG: 2/4
CATGAGGAGCTGGG: 2/3
CATGAGGACAGGGA: 2/3
CATGAGGAAACTGG: 3/5
CATGAGGAAATAAA: 2/4
CATGAGGAAATGAA: 2/5
CATGAGGAAAAAAA: 8/10
CATGAGGATAAAAT: 3/4
CATGAGGATTATTT: 2/3
CATGAGGCCCATTC: 3/7
CATGAGGCCACTGG: 2/3
CATGAGGCCACCTT: 2/3
CATGAGGCTACAAA: 2/3
CATGAGGCTGAGGT: 2/3
CATGAGGCAAAAAA: 2/4
CATGAGGCAGATAT: 2/3
CATGAGGCAGATAA: 2/3
CATGAGCNACCACG: 2/3
CATGAGCTTCTACC: 2/3
CATGAGCTTCAGTG: 2/3
CATGAGCTCCGCAG: 2/3
CATGAGCCTGGACT: 2/4
CATGAGCCTGGAGA: 3/4
CATGAGCCTCACAG: 2/3
CATGAGCCCTGGCT: 2/4
CATGAGCCAAAAAA: 2/3
CATGAGCCACATAA: 2/3
CATGAGCCACTGTG: 12/35
CATGAGCCACTGCG: 5/16
CATGAGCCACTGCA: 4/39
CATGAGCCACTATG: 2/5
CATGAGCCACCACA: 10/28
CATGAGCCACCACG: 6/23
CATGAGCCACCGTG: 5/21
CATGAGCCACCGCT: 3/4
CATGAGCCACCGCG: 5/19
CATGAGCCACCGCA: 6/15
CATGAGCCATCGTG: 2/4
CATGAGCCAGGGTA: 2/3
CATGAGCAAAAAAA: 5/6
CATGAGCAAAATGG: 2/5
CATGAGCAAACAGT: 2/3
CATGAGCAACAGTG: 2/3
CATGAGCAGGGCAG: 2/5
CATGAGCACTAGAA: 2/3
CATGAGCACCGCAC: 2/4
CATGAGCACCTGGG: 2/3
CATGCGAGGGCACT: 2/3
CATGCGAGGGATCT: 3/4
CATGCGAAAAAAAA: 2/3
CATGCGCGCGCGCG: 2/3
CATGCGCGTGCACA: 3/4
CATGCGCCACCACG: 2/13
CATGCGCCTGTGGT: 2/3
CATGCGCCTGTAAT: 2/4
CATGCGCATTCATT: 2/3
CATGCGCACGAGGT: 2/3
CATGCGGTTGCACA: 2/3
CATGCGGCTGCTTT: 2/3
CATGCCTGAATTCC: 2/3
CATGCCTGAAATCC: 2/4
CATGCCTGAAAAAA: 4/5
CATGCCTGGAATCC: 2/5
CATGCCTGGTAATC: 3/4
CATGCCTGGCCTGT: 2/4
CATGCCTGGCCGGA: 2/4
CATGCCTGGCTGAT: 2/9
CATGCCTGGCTAAT: 9/72
CATGCCTGTTCTCC: 2/3
CATGCCTGTATTCC: 2/3
CATGCCTGTAGTCC: 16/41
CATGCCTGTAAAAA: 2/3
CATGCCTGTAACCC: 3/8
CATGCCTGTAAGAG: 2/4
CATGCCTGTAATAA: 2/3
CATGCCTGTAATTC: 5/14
CATGCCTGTAATGC: 2/5
CATGCCTGTAATCA: 2/3
CATGCCTGTAATCT: 2/9
CATGCCTGTAATCC: 47/170
CATGCCTGTGGTCC: 2/9
CATGCCTGTGAATA: 2/3
CATGCCTGTGATCC: 3/6
CATGCCTGCAATCC: 4/8
CATGCCTCTTTTCC: 3/5
CATGCCTCTGCCCT: 2/3
CATGCCTCTGGCAG: 2/3
CATGCCTCTGGAGC: 2/3
CATGCCTCTGAATG: 2/3
CATGCCTCCAGTGT: 2/3
CATGCCTCATAGCC: 2/3
CATGCCTCAGGCTC: 2/6
CATGCCTCAGCCTC: 2/16
CATGCCTCAAAAAA: 3/4
CATGCCTTAAGAAA: 2/3
CATGCCTTAAAAAA: 2/6
CATGCCTTTTTTTT: 2/6
CATGCCTTTTTCAA: 2/4
CATGCCTTTTGAAC: 2/3
CATGCCTTTCATCT: 2/3
CATGCCTTTCTTTT: 2/3
CATGCCTTCCCAAC: 3/5
CATGCCTTGGTTTT: 2/4
CATGCCTTGATAAA: 2/3
CATGCCTAAAAAAA: 3/5
CATGCCTATTTTCT: 2/3
CATGCCTATAAATC: 2/4
CATGCCTATAATCC: 13/32
CATGCCCGACTAAT: 2/5
CATGCCCGTAAAAA: 2/3
CATGCCCGGCTAAT: 4/46
CATGCCCTAAAAAA: 2/3
CATGCCCTCCCCAC: 2/4
CATGCCCTCCCAGC: 2/3
CATGCCCTCCAGCC: 2/3
CATGCCCTGGGAGG: 2/4
CATGCCCTGAGGCC: 2/4
CATGCCCTGAATTT: 2/3
CATGCCCTGAATGC: 2/3
CATGCCCTGCAGCG: 2/4
CATGCCCTGCCTTG: 2/3
CATGCCCTTGAGGA: 2/4
CATGCCCTTCTGTA: 2/3
CATGCCCTTTAAAA: 2/3
CATGCCCTTTGCTT: 3/5
CATGCCCTTTCCAA: 2/3
CATGCCCCTCTGAG: 2/3
CATGCCCCTCCCCA: 2/3
CATGCCCCTCCACA: 2/3
CATGCCCACGGTTA: 2/3
CATGCCCACCCAGA: 2/5
CATGCCCACCTCCA: 2/3
CATGCCCATTCAGC: 2/3
CATGCCCAAAGGCC: 2/3
CATGCCCAAAAAAA: 2/3
CATGCCCAGCTGGC: 2/5
CATGCCCAGCTAAA: 2/4
CATGCCCAGCTAAT: 10/69
CATGCCCAGCCAAA: 3/7
CATGCCCAGCCACA: 2/5
CATGCCCAGCCTAG: 2/5
CATGCCCAGGTAAG: 2/3
CATGCCCAGGAAGT: 2/3
CATGCCCAGGCCTT: 2/3
CATGCCACTGTACT: 3/6
CATGCCACTGCTGC: 2/3
CATGCCACTGCATT: 3/6
CATGCCACTGCACT: 29/50
CATGCCACAATTTA: 2/3
CATGCCACAAAAAA: 2/3
CATGCCACACAAGA: 3/4
CATGCCACACAGCA: 2/3
CATGCCACCTGAAT: 2/3
CATGCCACCACACC: 3/10
CATGCCACCACCCA: 2/3
CATGCCAACAAGAA: 2/4
CATGCCAAGGGGCC: 2/3
CATGCCAAGGGAAT: 2/3
CATGCCAAGTGTTT: 2/3
CATGCCAAGCCTTT: 2/3
CATGCCAATAAAAT: 2/4
CATGCCAATGGACC: 2/3
CATGCCAATTACTT: 2/3
CATGCCAAAAAAAA: 13/16
CATGCCAAAAATTT: 2/3
CATGCCATATACAA: 2/3
CATGCCATCTCCTT: 2/4
CATGCCATTGCACT: 6/12
CATGCCATTCTCCT: 2/18
CATGCCATTTCTAG: 2/3
CATGCCAGAACAGA: 2/5
CATGCCAGAACCAG: 2/3
CATGCCAGAAGATG: 2/3
CATGCCAGCCAAAA: 2/3
CATGCCAGGACAGT: 2/3
CATGCCAGGGCAAA: 2/3
CATGCCAGGCATCC: 2/3
CATGCCAGTAATCC: 2/4
CATGCCGGGCCCAG: 2/3
CATGCCGAAAAAAA: 4/5
CATGCTTGCCATTT: 2/4
CATGCTTGGCCAAT: 2/3
CATGCTTTCAACAA: 2/3
CATGCTTTCAGCTT: 2/3
CATGCTTTAGAGAT: 2/3
CATGCTTTATAAAA: 2/4
CATGCTTTAAAAAT: 2/3
CATGCTTTAAAAAA: 4/6
CATGCTTTAAAATA: 2/4
CATGCTTTTAACAT: 2/4
CATGCTTTTAAGTA: 2/4
CATGCTTTTTTTCT: 2/5
CATGCTTTTTGAAA: 2/4
CATGCTTTTGAACT: 2/5
CATGCTTTGATGTT: 2/3
CATGCTTTGAAAAA: 4/5
CATGCTTCAAAAAA: 2/4
CATGCTTCATTATA: 2/4
CATGCTTCTTATGT: 2/3
CATGCTTCTGTGTA: 2/3
CATGCTTCTGAAAT: 2/3
CATGCTTCTCATCT: 3/4
CATGCTTCCGCCAG: 2/3
CATGCTTCCAGAAA: 2/4
CATGCTTCCTCTCC: 2/3
CATGCTTCCTTGCC: 2/3
CATGCTTCCTGTAC: 2/4
CATGCTTAAAAATG: 2/3
CATGCTTAAAAAAA: 6/8
CATGCTTAGCCCAC: 2/3
CATGCTTATCATTT: 2/3
CATGCTTATTGGAA: 2/3
CATGCTTATTCCTT: 2/3
CATGCTTATTTTTT: 2/3
CATGCTTATTTATA: 2/3
CATGCTCCCACCCC: 2/3
CATGCTCCCAAGGA: 2/3
CATGCTCCCCTGTG: 2/4
CATGCTCCCTCTGA: 2/5
CATGCTCCAATGTA: 2/3
CATGCTCCACTATT: 2/3
CATGCTCCACCCGA: 2/3
CATGCTCCACCTGG: 2/3
CATGCTCCAGGCTA: 2/3
CATGCTCCTATGAG: 2/3
CATGCTCCTCAGGG: 2/3
CATGCTCTGAAAAA: 2/4
CATGCTCTGTCCAG: 2/3
CATGCTCTTTAAGA: 2/3
CATGCTCTAAAAAA: 2/3
CATGCTCTAACTTC: 2/3
CATGCTCATAATAC: 2/3
CATGCTCATATACT: 2/4
CATGCTCAGTCTTG: 2/4
CATGCTCAGCAGAA: 2/3
CATGCTGTCAAAAA: 3/4
CATGCTGTCAGCAA: 2/4
CATGCTGTGCTTGG: 2/4
CATGCTGTGTCCTG: 2/4
CATGCTGTGTTTAT: 2/4
CATGCTGTGTTTCT: 2/5
CATGCTGTGGGGCT: 2/4
CATGCTGTTGGAAA: 2/3
CATGCTGTTTTAAT: 2/5
CATGCTGTTTTAAC: 2/3
CATGCTGTAATCCA: 2/3
CATGCTGTACAAGT: 2/3
CATGCTGACTCTCA: 2/3
CATGCTGAAAAAAA: 14/15
CATGCTGATCCTCA: 2/3
CATGCTGATAGATT: 2/3
CATGCTGATTCTGT: 2/4
CATGCTGAGTCCCT: 2/3
CATGCTGAGTAAAA: 2/3
CATGCTGAGGAGAG: 2/3
CATGCTGCGGCCAG: 2/4
CATGCTGCCACTGC: 2/3
CATGCTGCAAAGGA: 2/3
CATGCTGCTAATAA: 3/4
CATGCTGCTTTTCT: 2/3
CATGCTGCTGCTGC: 2/9
CATGCTGCTGATGT: 2/5
CATGCTGCTGATAA: 5/7
CATGCTGCTCTGCA: 2/3
CATGCTGCTCCCAG: 2/3
CATGCTGCTCAGGC: 2/3
CATGCTGGCCCAAA: 3/4
CATGCTGGCCGTGG: 2/5
CATGCTGGCCGCTC: 2/3
CATGCTGGCTGGGG: 3/6
CATGCTGGAGAGAA: 2/6
CATGCTGGACAGAT: 2/3
CATGCTGGAAATAA: 2/4
CATGCTGGAAAAAA: 2/4
CATGCTGGTAACTC: 2/3
CATGCTGGTAGTCC: 2/3
CATGCTGGGGGAGG: 2/3
CATGCTGGGTTAAT: 4/5
CATGCTGGGATTCC: 3/4
CATGCTGGGCTAGT: 2/3
CATGCTGGGCTAAT: 2/3
CATGCTATAACAAA: 2/3
CATGCTACGCTGCC: 2/3
CATGCTAACAAAAC: 2/3
CATGCTAAATTATT: 2/3
CATGCTAAAAAAAA: 21/22
CATGCTAAAATAAA: 2/3
CATGCTAAAGGGAA: 2/3
CATGCTAATTAGGG: 2/3
CATGCTAAGCATTC: 2/3
CATGCACCTCCCGG: 2/3
CATGCACCTATAAT: 2/3
CATGCACCTGTAGT: 2/7
CATGCACCACAACA: 2/4
CATGCACCACCACT: 2/3
CATGCACCACCACA: 5/18
CATGCACATTAAAA: 2/3
CATGCACAGTTTGC: 2/3
CATGCACAGGAGGG: 2/4
CATGCACAAAAAAA: 4/5
CATGCACACAAATA: 2/4
CATGCACACACAGG: 2/3
CATGCACACACATA: 2/6
CATGCACACACACA: 5/23
CATGCACACTGGTA: 2/3
CATGCACTTTATAT: 2/3
CATGCACTCCAGCC: 3/4
CATGCACTGGCAAT: 2/3
CATGCACGTGCACA: 2/4
CATGCAGAACAACT: 2/3
CATGCAGAAAAAGG: 2/3
CATGCAGAAAAAAA: 2/5
CATGCAGAAACATT: 2/3
CATGCAGAGATGAA: 2/3
CATGCAGACATCCA: 2/4
CATGCAGACATTTT: 3/4
CATGCAGCTCAGGC: 2/4
CATGCAGCTTCCCT: 2/4
CATGCAGCCCAGGA: 2/4
CATGCAGCAAAAAA: 2/3
CATGCAGCATTGGT: 2/3
CATGCAGTTTCTTC: 2/3
CATGCAGTGTCACT: 2/3
CATGCAGTATATAG: 2/3
CATGCAGGCTCCTG: 3/6
CATGCAGGCTGATG: 2/4
CATGCAGGAAGAAG: 2/3
CATGCAGGAAGGCT: 2/4
CATGCAGGTTGATG: 2/3
CATGCAGGTGACAA: 2/3
CATGCAGGTGTCTT: 2/3
CATGCAACAATATA: 2/3
CATGCAACAAAAAG: 2/3
CATGCAACACACTT: 2/4
CATGCAACACCTGA: 2/3
CATGCAACTGTCCA: 2/3
CATGCAACCAAAAA: 2/3
CATGCAACCAGCCT: 2/4
CATGCAATAAAAAA: 2/3
CATGCAATTCAAAT: 2/4
CATGCAATTATTTC: 2/3
CATGCAATTAAAAG: 2/3
CATGCAATGAGCAA: 2/3
CATGCAAACAGCTG: 2/3
CATGCAAACATTAA: 2/3
CATGCAAATTATAT: 2/4
CATGCAAATAAAAC: 2/3
CATGCAAATAAAAA: 2/4
CATGCAAAATCTAA: 2/3
CATGCAAAATTAAA: 2/3
CATGCAAAAACCCT: 2/4
CATGCAAAAAAAGG: 2/3
CATGCAAAAAAAAA: 76/78
CATGCAAAGGAGAA: 2/3
CATGCAAAGCTAAA: 2/3
CATGCATCCAAAAA: 2/3
CATGCATCTGTCAG: 2/4
CATGCATCACTTAA: 2/3
CATGCATATAATCC: 2/3
CATGCATATTGAAA: 2/3
CATGCATACACACA: 2/7
CATGCATACATTAT: 2/3
CATGCATAAAAAAA: 3/5
CATGCATTCTGGAT: 2/3
CATGCATTCCTCCT: 2/3
CATGCATTCAAAAA: 2/3
CATGCATTTGAAAG: 3/4
CATGCATTTCACAT: 2/3
CATGCATTTAGAAG: 2/3
CATGCATTTAAAAA: 2/4
CATGCATTTTTTTT: 2/8
CATGCATTTTTAAA: 2/6
CATGCATTTTGATT: 2/4
CATGCATTAAAAAA: 2/4
CATGCATTAAAAAT: 2/3
CATGCATTATATAT: 2/4
CATGCATTATTTTT: 2/4
CATGCATTGAAAAA: 2/3
CATGGCGAAAAAAA: 2/3
CATGGCGAAACCTC: 3/8
CATGGCGAAACCCT: 3/8
CATGGCGAAACCCC: 2/23
CATGGCGGAAGGTG: 2/5
CATGGCACTATATA: 2/3
CATGGCACTGTGCT: 2/3
CATGGCACTCCTAG: 2/3
CATGGCACAAAAAA: 2/3
CATGGCACCTGCAA: 2/3
CATGGCAACTCCTA: 2/3
CATGGCAACTCATA: 2/3
CATGGCAACGTCAG: 2/3
CATGGCAATCTGGA: 2/3
CATGGCAATGACCT: 2/3
CATGGCAAGAAGGT: 2/4
CATGGCAAATGCTT: 2/3
CATGGCAAAATCCA: 4/5
CATGGCAAAACCCC: 3/19
CATGGCAAAACCCT: 2/14
CATGGCAAAAAAAA: 22/23
CATGGCAAAAAACA: 2/4
CATGGCAAAGTACT: 2/4
CATGGCAAAGCTTT: 2/3
CATGGCAAAGAAAA: 2/3
CATGGCATACACTG: 2/3
CATGGCATAAGCAG: 2/3
CATGGCATATAAAA: 2/4
CATGGCATTTAAAT: 2/3
CATGGCATTTCTAA: 2/3
CATGGCATTCTTAC: 2/3
CATGGCATTAGCCA: 2/4
CATGGCAGTATATA: 2/3
CATGGCAGTGGGAA: 2/3
CATGGCAGTCACCA: 2/3
CATGGCAGCTCCTG: 2/4
CATGGCAGCTCAGG: 2/3
CATGGCAGCTTGCT: 2/4
CATGGCAGCTGGCT: 3/5
CATGGCAGCTGATG: 2/4
CATGGCAGCCACTT: 2/4
CATGGCAGCCATCC: 2/3
CATGGCAGCCTGAA: 2/4
CATGGCAGCAGGTG: 2/5
CATGGCAGCAGGAA: 2/5
CATGGCAGGAGCAG: 2/5
CATGGCAGGGAAAG: 2/3
CATGGCAGGGCTGG: 2/3
CATGGCAGGCCTGG: 2/4
CATGGCAGGCCAAG: 2/3
CATGGCAGGCCCAT: 2/3
CATGGCAGGCAGGG: 2/4
CATGGCCCTAAAAG: 2/3
CATGGCCCTTCCTG: 2/3
CATGGCCCTTGGGA: 2/3
CATGGCCCGGGACT: 2/3
CATGGCCCACTGAA: 2/3
CATGGCCCCATCAA: 2/4
CATGGCCCCAGGTA: 2/3
CATGGCCGGGGGGA: 2/3
CATGGCCTAAAAAA: 2/3
CATGGCCTACGTGG: 2/3
CATGGCCTTCAAAA: 3/4
CATGGCCTTTCCCT: 2/3
CATGGCCTTTGATG: 2/3
CATGGCCTGCAGTC: 2/3
CATGGCCTGGGCTG: 2/3
CATGGCCTGGCCAC: 2/3
CATGGCCTGGCTAA: 2/3
CATGGCCAGGAAGG: 2/3
CATGGCCAGGTGTG: 2/3
CATGGCCAGTGTCT: 2/3
CATGGCCACTTCAG: 2/3
CATGGCCACGGAAA: 2/3
CATGGCCAAATAGT: 2/4
CATGGCCAAAAAAA: 2/4
CATGGCCAAGAGTG: 2/3
CATGGCTACGGAGG: 2/3
CATGGCTAGGTGGG: 2/3
CATGGCTAGAGTGG: 2/3
CATGGCTAAAAAAA: 8/9
CATGGCTATGCTTC: 2/3
CATGGCTTCCATCT: 3/5
CATGGCTTCCCCAC: 2/4
CATGGCTTCCTCCT: 2/4
CATGGCTTCATTAA: 2/3
CATGGCTTCACCTG: 2/3
CATGGCTTCTCAAC: 2/3
CATGGCTTCTCATT: 2/3
CATGGCTTCTGAGA: 2/3
CATGGCTTTACTTT: 2/3
CATGGCTTTAAGAA: 2/3
CATGGCTTTATTTA: 2/4
CATGGCTTTGTCCT: 3/4
CATGGCTTTGTTTT: 2/3
CATGGCTTTTCAGA: 2/3
CATGGCTTTTAAAA: 2/3
CATGGCTTGTTCTC: 2/3
CATGGCTCCAGCTA: 2/3
CATGGCTCTTTCTT: 2/3
CATGGCTCACACCT: 5/8
CATGGCTCACTGCA: 7/50
CATGGCTGGACACA: 2/4
CATGGCTGGAAAAA: 2/3
CATGGCTGGCCTTG: 2/3
CATGGCTGTCCCCT: 2/3
CATGGCTGTAATCC: 2/3
CATGGCTGTGTGAA: 2/3
CATGGCTGTGGCGG: 2/4
CATGGCTGAAAAAA: 7/8
CATGGCTGAAGGTA: 2/3
CATGGCTGAGTCTG: 2/3
CATGGCTGCCTTCC: 2/4
CATGGGTGATGTTA: 2/3
CATGGGTGAAACAC: 2/4
CATGGGTGAAACCC: 3/7
CATGGGTGAAAAGG: 2/4
CATGGGTGTGGCTG: 2/5
CATGGGTGGGGACC: 2/3
CATGGGTGGCTCTG: 2/3
CATGGGTGCTGGAA: 2/4
CATGGGTGCAAAAA: 2/3
CATGGGTGCAGGGT: 2/3
CATGGGTCCCCTGA: 2/3
CATGGGTCTTATTT: 2/3
CATGGGTCTTTTTT: 2/4
CATGGGTATATTCA: 2/3
CATGGGTATATTTT: 2/3
CATGGGTACCTAAC: 2/3
CATGGGTAAAACAC: 2/3
CATGGGTAAAAAAA: 7/8
CATGGGTTGGCTGT: 2/3
CATGGGTTAAGAAG: 2/3
CATGGGTTAAAAAT: 2/3
CATGGGTTAAAAAA: 2/3
CATGGGTTATTTAG: 2/4
CATGGGTTACAGCT: 2/3
CATGGGATAAAAAA: 3/4
CATGGGATATGTGG: 2/3
CATGGGATTAAACA: 2/3
CATGGGATTATAAA: 2/3
CATGGGATTTGGAG: 2/3
CATGGGATGTTGGG: 2/3
CATGGGATGTAAAC: 2/3
CATGGGAATCCTTT: 2/3
CATGGGAATTAATT: 2/3
CATGGGAATTATGG: 2/3
CATGGGAATATTGG: 2/3
CATGGGAACAGGGC: 2/3
CATGGGAAAAAAAC: 2/3
CATGGGAAAAAAAA: 24/25
CATGGGAAAACATA: 2/3
CATGGGAAAATCAG: 2/3
CATGGGAAAGTTAT: 2/3
CATGGGAAGGGAAG: 2/3
CATGGGAAGCCCAC: 2/4
CATGGGACAAAAAA: 2/3
CATGGGACAGGGTT: 2/3
CATGGGAGTGTTGA: 2/3
CATGGGAGCTGTGT: 2/3
CATGGGAGCCAAAT: 2/3
CATGGGAGCATCTG: 2/3
CATGGGAGAATCCT: 2/3
CATGGGAGACAGAG: 2/3
CATGGGAGGTAAGA: 2/3
CATGGGAGGAAATA: 2/3
CATGGGAGGGAAAG: 2/3
CATGGGAGGCTGAG: 2/4
CATGGGAGGCCGAG: 2/3
CATGGGCTTGGAAG: 2/3
CATGGGCTTTCCTG: 2/3
CATGGGCTCCTCCA: 2/3
CATGGGCTCTGAAG: 2/3
CATGGGCTGATCCT: 2/3
CATGGGCTGAATTT: 2/3
CATGGGCTGCCCTG: 2/4
CATGGGCTGGGGGC: 2/4
CATGGGCTGGGGCC: 3/4
CATGGGCTGGGATC: 2/3
CATGGGCTGGAGCC: 2/3
CATGGGCTAAAAAA: 4/5
CATGGGCTATGTTA: 2/3
CATGGGCAAAAAAA: 4/6
CATGGGCAAGTGGG: 3/5
CATGGGCATTTGGG: 2/3
CATGGGCATTACTA: 2/3
CATGGGCAGGACCA: 2/4
CATGGGCAGGAATG: 2/3
CATGGGCAGGAAGA: 2/3
CATGGGCAGCCAGA: 2/4
CATGGGCAGTGGGA: 2/3
CATGGGCACTCGTG: 2/3
CATGGGCCAAAATT: 2/3
CATGGGCCAGGCAC: 2/3
CATGGGCCTTTTAA: 2/3
CATGGGCCCCAGGA: 2/4
CATGGGCCCCATTT: 2/4
CATGGGGTTGGGGG: 2/4
CATGGGGTAGAAAA: 2/3
CATGGGGTGCGGGG: 2/3
CATGGGGTCACGGA: 2/3
CATGGGGTCAGACA: 2/3
CATGGGGTCTGAGG: 2/3
CATGGGGACTTTCT: 2/3
CATGGGGAATAAAC: 2/3
CATGGGGAAAGGGA: 2/3
CATGGGGAAAATAT: 2/3
CATGGGGAAAAAAA: 7/9
CATGGGGAAATCTG: 2/3
CATGGGGAACAATT: 2/3
CATGGGGAAGATGA: 2/3
CATGGGGAAGGGCT: 2/5
CATGGGGATGACAG: 2/5
CATGGGGAGTATGG: 2/3
CATGGGGCAAAAAA: 2/3
CATGGGGCAGGAAG: 2/3
CATGGGGCTTGGTT: 2/3
CATGGGGCTGGGCC: 3/5
CATGGGGCTCACCT: 2/4
CATGGGGCTCTCCA: 2/3
CATGGGGCTCCTGG: 2/5
CATGGGGCCTTGTC: 2/3
CATGGGGCCTGGCG: 2/3
CATGGGGCCCTTTA: 2/3
CATGGGGCCCCTGG: 3/4
CATGGGGGAGGGGG: 3/4
CATGGGGGATTTTT: 3/4
CATGGGGGAATCTG: 2/3
CATGGGGGAAACCC: 3/4
CATGGGGGTGTCTG: 2/5
CATGGGGGTGGGGC: 2/3
CATGGGGGTGGCTG: 2/4
CATGGGGGGGGGGG: 2/4
CATGGGGGGTCGGG: 2/3
CATGGGGGGCCAGT: 2/3
CATGGGGGGCCCCG: 2/4
CATGGGGGGCAAAA: 2/3
CATGGGGGCAGAGA: 2/4
CATGGTAATACATA: 2/3
CATGGTAATAGATA: 2/4
CATGGTAATGACAG: 2/3
CATGGTAATGGGGG: 2/3
CATGGTAAAAAAAA: 12/14
CATGGTAGTCTTCC: 2/3
CATGGTAGCCAAAT: 2/3
CATGGTAGAGAACA: 2/3
CATGGTAGAAAAAA: 2/4
CATGGTACTGTGGC: 2/3
CATGGTACACACAC: 2/3
CATGGTACCCGGAT: 4/5
CATGGTATTTCTTC: 2/3
CATGGTGCCAATGG: 2/3
CATGGTGCCTGGCT: 2/4
CATGGTGCTGAAAA: 2/3
CATGGTGCAAACAT: 2/3
CATGGTGCAAAGTG: 2/3
CATGGTGCAGTGCC: 2/3
CATGGTGTAAAAAA: 2/3
CATGGTGTATATGT: 2/5
CATGGTGTATTTTT: 3/6
CATGGTGTCTGGAA: 2/3
CATGGTGTGGCTCA: 2/3
CATGGTGTGGGGGG: 2/3
CATGGTGTGTGGTG: 2/3
CATGGTGTGTGTGT: 2/3
CATGGTGGCGAATG: 2/3
CATGGTGGCGTGTG: 4/7
CATGGTGGCGGGCG: 3/8
CATGGTGGCGGGCA: 2/5
CATGGTGGCAGGCG: 5/6
CATGGTGGCAGGCA: 3/7
CATGGTGGCACGTG: 3/9
CATGGTGGCACACA: 8/15
CATGGTGGCACACG: 5/8
CATGGTGGCTTATG: 2/3
CATGGTGGCTCTTG: 2/4
CATGGTGGCTCACA: 5/18
CATGGTGGCTCACG: 15/38
CATGGTGGCTAAAA: 2/3
CATGGTGGCTGACG: 2/4
CATGGTGGGACTGA: 2/4
CATGGTGGGAAAAA: 3/5
CATGGTGGGGGTGT: 2/3
CATGGTGGGGATCT: 2/3
CATGGTGGGTTCTT: 2/3
CATGGTGGAAAAAA: 2/5
CATGGTGGAAAGGT: 2/3
CATGGTGGACTATG: 2/3
CATGGTGGTACAGG: 2/3
CATGGTGGTGTTTT: 2/3
CATGGTGGTGCACG: 3/6
CATGGTGGTGCGCG: 2/3
CATGGTGGTGCGTG: 4/6
CATGGTGGTGGACA: 2/5
CATGGTGGTGGGCA: 2/6
CATGGTGGTTCACA: 2/3
CATGGTGGTTTGCT: 3/17
CATGGTGATGCTAC: 2/3
CATGGTGATGCGTG: 2/3
CATGGTGACTAAAA: 2/3
CATGGTGACTGCCA: 2/3
CATGGTGAGAATGA: 2/3
CATGGTGAGACCTC: 4/7
CATGGTGAGGTTCT: 2/3
CATGGTGAATTCTC: 2/4
CATGGTGAAATTCC: 2/3
CATGGTGAAATCCT: 2/9
CATGGTGAAAGAGA: 2/4
CATGGTGAAAAAAA: 4/6
CATGGTGAAAATGT: 2/5
CATGGTGAAACTCC: 3/7
CATGGTGAAACCTC: 3/12
CATGGTGAAACCCG: 2/5
CATGGTGAAACCCT: 13/45
CATGGTGAAACCCC: 34/109
CATGGTGAACCCTT: 2/3
CATGGTGAACCCCA: 2/3
CATGGTCTGAAATT: 2/3
CATGGTCTGAAAAA: 2/5
CATGGTCTGCCTGG: 2/5
CATGGTCTGGGGCT: 2/3
CATGGTCTTGTAAG: 2/3
CATGGTCTTGCTCT: 2/6
CATGGTCTCTGTAG: 2/3
CATGGTCTAAAAAA: 2/3
CATGGTCATATTTC: 2/3
CATGGTCACAAAAA: 3/4
CATGGTCACAACCT: 2/3
CATGGTCACAGCTC: 2/4
CATGGTCAAAAAAA: 3/4
CATGGTCAAGCTGG: 2/5
CATGGTCCTTCAGA: 2/4
CATGGTCCTTGCAA: 2/3
CATGGTCCCTTGGT: 2/3
CATGGTTATTTAAA: 2/4
CATGGTTATGTATT: 2/3
CATGGTTATGGCAC: 2/3
CATGGTTACTTAAT: 2/3
CATGGTTACACAAA: 2/3
CATGGTTACAGAAT: 2/3
CATGGTTAAAAAAA: 8/9
CATGGTTAAAACCA: 2/3
CATGGTTTGGGAGA: 2/4
CATGGTTTGGAGGA: 2/4
CATGGTTTATTTAA: 2/4
CATGGTTTATATTT: 2/5
CATGGTTTCGGGCA: 2/3
CATGGTTTCAAGCC: 2/3
CATGGTTTCAGAAA: 2/3
CATGGTTTTGGGCA: 2/3
CATGGTTTTTTTTG: 2/3
CATGGTTTTTTGTT: 2/6
CATGGTTTTAAACT: 2/3
CATGGTTTTAAAAA: 2/4
CATGGTTTTAATTT: 2/3
CATGGTTGAGGAGT: 2/4
CATGGTTGGTCTTG: 2/3
CATGGTTGGTTTCC: 2/4
CATGGTTGGGACAG: 2/4
CATGGTTGGGAAAA: 2/3
CATGGTTGGAAAAA: 3/4
CATGGTTGCAGCTG: 2/5
CATGGTTCCAATGC: 2/3
CATGGTTCACTGCA: 2/9
CATGGATAGGGAAA: 2/3
CATGGATAAAAAAA: 10/11
CATGGATAAAAATA: 2/5
CATGGATATATTTT: 2/3
CATGGATATCCAAA: 2/3
CATGGATACGGAGG: 2/3
CATGGATACTGGAT: 2/3
CATGGATTCTTTTC: 2/3
CATGGATTCTGAGT: 2/4
CATGGATTCAAGTC: 2/3
CATGGATTTGAAAA: 3/4
CATGGATTTAAAAA: 5/6
CATGGATTTTTAAA: 2/5
CATGGATGAAAAAA: 4/7
CATGGATGAGGGTG: 2/3
CATGGATGAGGAAC: 3/5
CATGGATGAGTTCT: 2/5
CATGGATGGAACAA: 2/3
CATGGATGTCTTTC: 2/4
CATGGATGTACAAA: 2/4
CATGGATGTTACTG: 2/3
CATGGATCTTTTGT: 2/4
CATGGAACAGCAAA: 2/5
CATGGAACACAAAA: 2/4
CATGGAACCTGCTC: 2/3
CATGGAACCCTCCA: 2/3
CATGGAACTACATA: 2/4
CATGGAATAAAAAA: 2/3
CATGGAATAAATGG: 2/3
CATGGAATAAATGT: 2/4
CATGGAATAATGGG: 2/3
CATGGAATTAAAAT: 2/4
CATGGAATTAAAAA: 3/5
CATGGAATTAAAAG: 2/4
CATGGAATTTAATG: 2/4
CATGGAATTTTTCT: 2/3
CATGGAATTTTATA: 2/4
CATGGAATCCTGAA: 2/3
CATGGAATCAGAGC: 2/3
CATGGAATCTAGGC: 2/3
CATGGAATGAGGAC: 2/3
CATGGAATGTTTGT: 2/4
CATGGAAGCCAAAG: 2/4
CATGGAAGATGTGT: 2/3
CATGGAAGAGTCTA: 2/3
CATGGAAGAAAAAA: 2/4
CATGGAAGAAAACA: 2/3
CATGGAAGGAAGGA: 2/3
CATGGAAGGAAAAA: 3/4
CATGGAAGGGAAAA: 2/3
CATGGAAGGGATGC: 2/3
CATGGAAAACATAA: 2/4
CATGGAAAAGGTTC: 2/3
CATGGAAAAGTTCT: 2/4
CATGGAAAAGCCCA: 2/3
CATGGAAAATATAT: 2/3
CATGGAAAATTTAA: 2/3
CATGGAAAATGCTC: 3/4
CATGGAAAATGACT: 2/3
CATGGAAAAAAAAT: 2/4
CATGGAAAAAAAAA: 90/95
CATGGAAAAAATAA: 3/5
CATGGAAAAAGTTA: 2/3
CATGGAAAAAGCTC: 2/4
CATGGAAACACTTA: 2/4
CATGGAAACATTTA: 2/5
CATGGAAACTAGGA: 2/4
CATGGAAACCCTCA: 2/3
CATGGAAAGTTATT: 2/4
CATGGAAAGGACAA: 2/3
CATGGAAAGGCAGC: 2/4
CATGGAAATTAAGT: 2/3
CATGGAAATTTTAC: 2/3
CATGGAAATAAAAG: 2/5
CATGGAAATGCTGT: 2/3
CATGGAAATGGACT: 2/3
CATGGAAATGTTTG: 3/4
CATGGAGACCAAGA: 2/3
CATGGAGACTCCTG: 2/4
CATGGAGACTTCAT: 4/6
CATGGAGACAGAAG: 2/3
CATGGAGACAGGCC: 2/3
CATGGAGAGAAAAA: 2/3
CATGGAGAGATACA: 2/4
CATGGAGAGATTCC: 2/3
CATGGAGAGGAAGA: 3/5
CATGGAGAGGAGAG: 2/3
CATGGAGATCAAGT: 2/3
CATGGAGATTATGT: 2/3
CATGGAGATTTATT: 2/3
CATGGAGATTGGAA: 3/4
CATGGAGAATAACC: 2/3
CATGGAGAAGAGTG: 2/3
CATGGAGAAAAAAA: 2/4
CATGGAGAAAAGAA: 2/6
CATGGAGAAAAGGC: 2/3
CATGGAGAAAACAA: 2/3
CATGGAGAAAACCC: 2/4
CATGGAGAAACTAG: 2/3
CATGGAGAAACCCT: 2/6
CATGGAGAAACCCC: 3/12
CATGGAGGGAAGAG: 2/3
CATGGAGGGACTAC: 2/3
CATGGAGGGACTCC: 2/4
CATGGAGGGAGTTT: 2/3
CATGGAGGGCCTTC: 2/3
CATGGAGGGTGGGG: 2/4
CATGGAGGCACTGA: 2/3
CATGGAGGAATCTG: 2/3
CATGGAGGATGGTG: 2/4
CATGGAGGAGGAGG: 2/13
CATGGAGGAGAAAT: 2/4
CATGGAGGTGAACT: 3/4
CATGGAGCAAAAGG: 2/3
CATGGAGCATCTGG: 2/3
CATGGAGCAGCTCA: 2/3
CATGGAGCTTACAT: 3/8
CATGGAGCTGGACG: 3/6
CATGGAGCTGCTGC: 2/8
CATGGAGCTGAAGA: 2/4
CATGGAGCTGTACC: 2/3
CATGGAGCTGTGGT: 2/5
CATGGAGCTCAGTG: 2/4
CATGGAGCCCAGCA: 2/5
CATGGAGTGAGAAA: 2/5
CATGGAGTGGGTGA: 2/3
CATGGAGTCCCTGG: 2/3
CATGGAGTTCAGTT: 2/3
CATGGAGTTTACAG: 2/3
CATGGACTGGAGCA: 2/4
CATGGACTGGATTT: 2/5
CATGGACTTTATTT: 2/3
CATGGACTTTCTGG: 2/4
CATGGACTTTTTCT: 2/4
CATGGACCAGCGGC: 2/3
CATGGACCAACAGA: 2/3
CATGGACCTCAAGG: 2/3
CATGGACCTGCAGA: 2/4
CATGGACCCGCTGG: 2/3
CATGGACCCTTAAC: 2/3
CATGGACAAAAAAA: 2/5
CATGGACAAATAGC: 2/3
CATGGACAAAGCAA: 2/4
CATGGACAAAGCCA: 2/5
CATGGACAAGGTCG: 2/5
CATGGACAAGGCCA: 2/4
CATGGACAAGGATG: 2/3
CATGGACAGAAGAC: 2/3
CATGGACAGAAAAG: 2/3
CATGGACAGAAAAA: 2/4
CATGGACAGGAGAA: 2/3
CATGGACAGGAGGC: 2/3
