>Ctg584 Reverse 10183
         44        315         28
         84        359         49
        134        411       9190
       9325       9602         30
       9356       9633         30
       9387       9663         53
       9441       9717         60
       9501       9776         31
       9600       9870         35
       9646       9914         30
       9677       9944         71
       9827      10092         40
       9873      10138         27
>Ctg708 Reverse 84658
         44      62480         28
         84      62524         49
        134      62576        183
>Ctg584 10183
        165       9723         20
>Ctg708 84658
        165      22033         20
>Ctg550 8413
       9215       8228        109
       9325       8338         30
       9356       8369         30
>Ctg359 2268
       9218       1605        106
       9325       1712         30
       9356       1743         30
       9387       1773         53
       9441       1827         60
       9501       1886         31
       9600       1980         35
       9646       2024         30
       9677       2054         21
       9728       2132         20
>Ctg444 Reverse 4973
       9942         40         22
       9977         75        225
      10200        299         96
      10297        396         69
      10382        479        181
>Ctg709 Reverse 109039
       9215      12760        109
       9325      12870         30
       9356      12901         30
       9387      12931         53
       9441      12985         60
       9501      13044         31
       9600      13138         35
       9646      13182         30
       9677      13212         71
       9827      13360         40
       9873      13406         27
       9912      13445         25
       9938      13470         26
       9977      13509        225
      10200      13733         96
      10297      13830         69
      10382      13913        181
      99801     102815         21
>Ctg610 Reverse 22833
       9979          1        223
      10200        223         96
      10297        320         69
      10382        403        187
>Ctg464 Reverse 8916
      10010        132        192
      10200        323         96
      10297        420         69
      10382        503       7263
      17643       7763        627
      18271       8391        146
      18425       8547         25
      18458       8582         62
      18529       8652         25
>Ctg650 Reverse 33582
      11447      18747         21
>Ctg613 Reverse 18326
      11463       9003         24
>Ctg511 Reverse 10646
      15373       4962         20
>Ctg689 58653
      16790      34088         20
>Ctg229 Reverse 1270
      18567         29       1147
      19716       1180         56
>Ctg684 36802
      18791       5304         20
>Ctg589 Reverse 20942
      19544       1869         20
>Ctg258 1817
      19869         29       1725
      21595       1755         62
>Ctg694 Reverse 73109
      20695      28593         20
>Ctg585 Reverse 18553
      21761      14024         20
>Ctg587 Reverse 15041
      22337      12496         20
>Ctg620 Reverse 13384
      22578       3189         22
>Ctg699 56559
      23391      43054         20
      23234      43068         32
>Ctg661 Reverse 30149
      23990       4683         20
      24614       5307         21
      23244      28374         25
      23244      28488         24
      23241      28599         27
>Ctg159 Reverse 1988
      23382        307         48
      23431        356         77
      23509        434       1555
>Ctg611 14806
      23991       1979         20
>Ctg666 34263
      24083      12940         22
>Ctg453 9869
      24353       7818         36
>Ctg689 Reverse 58653
      24354       2798         22
>Ctg710 Reverse 131120
      24363      77423         20
>Ctg711 141122
      24366        206         20
      88932      33297         20
>Ctg38 Reverse 1012
      24076        356         25
      24365        645         21
      24608        888         27
>Ctg673 Reverse 29337
      25432       1951         20
>Ctg76 1015
      26136          1       1015
>Ctg605 16016
      26725       2218         20
>Ctg461 Reverse 6511
      27403         16         23
      27425         37        152
      27578        189       6315
>Ctg678 33309
      29959      10817         20
>Ctg622 Reverse 23085
      24369       2431         20
      30231      10433         21
>Ctg634 Reverse 27645
      31877      23006         20
>Ctg476 Reverse 10003
      34822         29       7784
      42607       7814         38
      42646       7853         78
      42725       7932       2051
>Ctg342 3134
      35469       2350         20
>Ctg647 19862
      35760        727         25
>Ctg705 85436
      35938      19181         22
      37072      20181         21
>Ctg632 Reverse 20868
      36576      18288         21
>Ctg306 Reverse 3389
      36604       3033         20
>Ctg476 10003
      39548       5230         20
      73549       8174         20
>Ctg685 42848
      40032       3425         61
      40539       3932         22
      40659       4052         23
      41502       4895         21
      41559       4952         28
      41928       5318         24
>Ctg648 Reverse 19898
      41546      16248         20
>Ctg677 35978
      42593      19620         22
>Ctg330 2884
      42609        970         20
      45192       2238         20
>Ctg89 Reverse 1374
      44823        285       1090
>Ctg45 895
      47502          1        820
      48336        833         26
>Ctg110 1159
      48316         25        112
      48426        136        713
      49140        850        139
      49282        992         58
      49353       1063         22
>Ctg259 2021
      50349         18         24
      50373         41       1973
>Ctg665 33922
      50375      32075         20
>Ctg299 2203
      52310         38         21
      52331         58         53
      52402        129         46
      52451        181       2023
>Ctg424 Reverse 5699
      53446       1131         20
>Ctg409 2915
      54435         31         30
      54466         62       2854
>Ctg158 1638
      55471        589         20
>Ctg704 Reverse 69430
      58681      16468         21
>Ctg632 20868
      59039      15256         20
>Ctg530 Reverse 12361
      59503       4125         21
>Ctg701 73135
      61414      17541         20
>Ctg416 Reverse 3609
      63440       2245         47
>Ctg628 24931
      63440       7158         77
>Ctg547 Reverse 12514
      63459      11372         42
>Ctg500 Reverse 10774
      57329         71         31
      57372        114       3758
      61129       3872       3017
      64143       6885       3830
      67973      10714         21
>Ctg664 Reverse 41135
      65018      22595         21
>Ctg384 Reverse 4884
      68217        108         21
      68242        133       3803
      72046       3937        625
      72672       4563        107
>Ctg306 3389
      73389        179         21
      73437        226       3164
>Ctg670 39076
      36022       2710         20
      74950       3768         21
>Ctg609 Reverse 17946
      75165      12271         20
>Ctg64 Reverse 636
      76660          1        612
>Ctg328 4771
      77200       1738         20
>Ctg668 33355
      77251         12      23456
     100717      23480         22
>Ctg594 Reverse 17798
      77487       2005         26
      77514       2032         21
>Ctg612 Reverse 19080
      79164       5404         20
>Ctg488 Reverse 11386
      80116       3132         22
>Ctg430 Reverse 5429
      81515       5323         20
>Ctg656 26439
      81586       1914         22
>Ctg698 Reverse 84148
      23238      12609         20
      81935      49215         21
>Ctg667 Reverse 30157
      81944      20803         20
>Ctg540 Reverse 14650
      83257       6690         22
>Ctg644 Reverse 27849
      84511        701         20
      77201      13395         20
      76827      13707         20
>Ctg636 26994
      88746      23349         28
      94101      23367         29
      94132      23398         48
      88839      23454         23
      93320      23535         30
      88930      23544         22
      88987      23598         27
      93959      24101         37
      94132      24346         49
      88811      24377         20
      94192      24405         30
      94235      24450         24
      94305      24520         64
      94389      24604         92
      94494      24708         27
      94556      24768         30
      94632      24844         29
      94887      25099         23
      94944      25156         20
      95160      25378         23
      95204      25422         45
      95347      25565         36
      95520      25730         23
      95609      25819         27
      95940      26150         32
      96168      26381         20
      96606      26819         32
      96643      26856         20
      96681      26894         26
>Ctg597 18897
      96266      10066         21
>Ctg620 13384
      96867         19         49
      96972        124         26
      97008        160         24
      97080        232         38
      97125        277         38
      97190        342         84
      97294        446         20
      97315        467         43
      97515        655         23
      98302       1993         28
      98344       2035         39
      93965       2099         31
      98480       2171         21
      98560       2249         28
      98624       2313         23
      98821       2510         75
      98932       2610         35
      98968       2646         20
      98989       2667         56
      99061       2738         20
      99082       2759         70
      99212       2889         22
      99236       2913         23
      99278       2955         20
      99308       2985         52
      98308       3222         22
      93939       3296         21
     100534       4482         21
>Ctg668 Reverse 33355
      98492      11180         30
      99386      12074         30
      89436      17581         24
      92991      21136         24
      80080      30492         24
>Ctg696 48893
      86307      14480         22
      86515      14688         23
      86558      14731         28
      86944      15117         25
      87003      15176         23
      87108      15281         32
      87252      15425         29
      93320      23573         20
      88991      23641         23
      93952      24439         44
      94101      25329         29
      94159      25388         22
      88811      25392         20
      94195      25423         31
      94280      25508         22
      94305      25533         48
      94371      25598         28
      94403      25630         57
      94461      25688         20
      94543      25768         31
      94638      25863         20
      94689      25914         20
      94854      26079         20
      94911      26136         49
      95085      26310         29
      95155      26383         32
      95204      26432         37
      95334      26562         27
      95646      26877         23
      95937      27168         29
      96157      27391         31
      96198      27432         29
      96874      28102         42
      96937      28165         23
      96978      28206         20
      97059      28287         37
      97118      28346         45
      97189      28417         44
      97335      28563         23
      97359      28587         21
      97468      28708         23
      97516      28756         22
      97596      29030         39
      97718      29153         31
      97795      29230         31
      97827      29262         28
      97903      29338         38
      97964      29399         24
      98071      29506         33
      98262      29694         31
      98296      29728         34
      98338      29770         24
      98362      29795         28
      98476      29908         30
      98560      29990         28
      98590      30020         33
      98624      30054         43
      98712      30142         34
      98750      30180         29
      98834      30264         62
      98932      30362         35
      98968      30398         20
      98989      30419         56
      99061      30490         91
      99210      30639         25
      99236      30665         23
      99266      30695         32
      99303      30732         22
      99330      30759         30
      98343      31013         21
      93941      31040         22
      99544      31250         32
      99586      31292         23
      99619      31325         20
>Ctg641 Reverse 20681
     100611      10944         96
     100717      11052         22
>Ctg610 22833
     100611      21061         96
     100717      21169         22
